<?xml version="1.0" encoding="UTF-8"?>
<!-- Generated by org.testng.reporters.JUnitReportReporter -->
<testsuite hostname="DESKTOP-CO4CVNQ" failures="0" tests="1" name="testNG18Aug.Example1" time="0.023" errors="0" timestamp="2024-08-21T18:19:37 IST" skipped="0">
  <testcase classname="testNG18Aug.Example1" name="testCase1" time="0.023"/>
</testsuite> <!-- testNG18Aug.Example1 -->
